Spark Command: /usr/lib/jvm/java-8-openjdk-amd64/jre/bin/java -cp /opt/spark-2.3.4-bin-hadoop2.7/conf/:/opt/spark-2.3.4-bin-hadoop2.7/jars/* -Xmx1g org.apache.spark.deploy.master.Master --host f4c4b427268a --port 7077 --webui-port 8080
========================================
2021-01-29 03:16:28 INFO  Master:2612 - Started daemon with process name: 1636@f4c4b427268a
2021-01-29 03:16:28 INFO  SignalUtils:54 - Registered signal handler for TERM
2021-01-29 03:16:28 INFO  SignalUtils:54 - Registered signal handler for HUP
2021-01-29 03:16:28 INFO  SignalUtils:54 - Registered signal handler for INT
2021-01-29 03:16:30 WARN  NativeCodeLoader:62 - Unable to load native-hadoop library for your platform... using builtin-java classes where applicable
2021-01-29 03:16:30 INFO  SecurityManager:54 - Changing view acls to: root
2021-01-29 03:16:30 INFO  SecurityManager:54 - Changing modify acls to: root
2021-01-29 03:16:30 INFO  SecurityManager:54 - Changing view acls groups to: 
2021-01-29 03:16:30 INFO  SecurityManager:54 - Changing modify acls groups to: 
2021-01-29 03:16:30 INFO  SecurityManager:54 - SecurityManager: authentication disabled; ui acls disabled; users  with view permissions: Set(root); groups with view permissions: Set(); users  with modify permissions: Set(root); groups with modify permissions: Set()
2021-01-29 03:16:32 INFO  Utils:54 - Successfully started service 'sparkMaster' on port 7077.
2021-01-29 03:16:33 INFO  Master:54 - Starting Spark master at spark://f4c4b427268a:7077
2021-01-29 03:16:33 INFO  Master:54 - Running Spark version 2.3.4
2021-01-29 03:16:33 INFO  log:192 - Logging initialized @8960ms
2021-01-29 03:16:33 INFO  Server:351 - jetty-9.3.z-SNAPSHOT, build timestamp: unknown, git hash: unknown
2021-01-29 03:16:33 INFO  Server:419 - Started @9447ms
2021-01-29 03:16:34 INFO  AbstractConnector:278 - Started ServerConnector@6e185bb3{HTTP/1.1,[http/1.1]}{0.0.0.0:8080}
2021-01-29 03:16:34 INFO  Utils:54 - Successfully started service 'MasterUI' on port 8080.
2021-01-29 03:16:34 INFO  ContextHandler:781 - Started o.s.j.s.ServletContextHandler@6c900da{/app,null,AVAILABLE,@Spark}
2021-01-29 03:16:34 INFO  ContextHandler:781 - Started o.s.j.s.ServletContextHandler@7cc06bc7{/app/json,null,AVAILABLE,@Spark}
2021-01-29 03:16:34 INFO  ContextHandler:781 - Started o.s.j.s.ServletContextHandler@67f5c3b{/,null,AVAILABLE,@Spark}
2021-01-29 03:16:34 INFO  ContextHandler:781 - Started o.s.j.s.ServletContextHandler@d4208a4{/json,null,AVAILABLE,@Spark}
2021-01-29 03:16:34 INFO  ContextHandler:781 - Started o.s.j.s.ServletContextHandler@72a3c498{/static,null,AVAILABLE,@Spark}
2021-01-29 03:16:34 INFO  ContextHandler:781 - Started o.s.j.s.ServletContextHandler@1188975c{/app/kill,null,AVAILABLE,@Spark}
2021-01-29 03:16:34 INFO  ContextHandler:781 - Started o.s.j.s.ServletContextHandler@3d494016{/driver/kill,null,AVAILABLE,@Spark}
2021-01-29 03:16:34 INFO  MasterWebUI:54 - Bound MasterWebUI to 0.0.0.0, and started at http://f4c4b427268a:8080
2021-01-29 03:16:34 INFO  Server:351 - jetty-9.3.z-SNAPSHOT, build timestamp: unknown, git hash: unknown
2021-01-29 03:16:34 INFO  ContextHandler:781 - Started o.s.j.s.ServletContextHandler@ef49bb3{/,null,AVAILABLE}
2021-01-29 03:16:34 INFO  AbstractConnector:278 - Started ServerConnector@7f831fdc{HTTP/1.1,[http/1.1]}{f4c4b427268a:6066}
2021-01-29 03:16:34 INFO  Server:419 - Started @10124ms
2021-01-29 03:16:34 INFO  Utils:54 - Successfully started service on port 6066.
2021-01-29 03:16:34 INFO  StandaloneRestServer:54 - Started REST server for submitting applications on port 6066
2021-01-29 03:16:35 INFO  ContextHandler:781 - Started o.s.j.s.ServletContextHandler@7a17d29c{/metrics/master/json,null,AVAILABLE,@Spark}
2021-01-29 03:16:35 INFO  ContextHandler:781 - Started o.s.j.s.ServletContextHandler@6d3756fb{/metrics/applications/json,null,AVAILABLE,@Spark}
2021-01-29 03:16:35 INFO  Master:54 - I have been elected leader! New state: ALIVE
2021-01-29 03:16:58 INFO  Master:54 - Registering worker 172.18.0.2:34041 with 2 cores, 6.3 GB RAM
