Spark Command: /usr/lib/jvm/java-8-openjdk-amd64/jre/bin/java -cp /opt/spark-2.3.4-bin-hadoop2.7/conf/:/opt/spark-2.3.4-bin-hadoop2.7/jars/* -Xmx1g org.apache.spark.deploy.worker.Worker --webui-port 8081 spark://f4c4b427268a:7077
========================================
2021-01-29 03:16:51 INFO  Worker:2612 - Started daemon with process name: 1703@f4c4b427268a
2021-01-29 03:16:51 INFO  SignalUtils:54 - Registered signal handler for TERM
2021-01-29 03:16:51 INFO  SignalUtils:54 - Registered signal handler for HUP
2021-01-29 03:16:51 INFO  SignalUtils:54 - Registered signal handler for INT
2021-01-29 03:16:53 WARN  NativeCodeLoader:62 - Unable to load native-hadoop library for your platform... using builtin-java classes where applicable
2021-01-29 03:16:54 INFO  SecurityManager:54 - Changing view acls to: root
2021-01-29 03:16:54 INFO  SecurityManager:54 - Changing modify acls to: root
2021-01-29 03:16:54 INFO  SecurityManager:54 - Changing view acls groups to: 
2021-01-29 03:16:54 INFO  SecurityManager:54 - Changing modify acls groups to: 
2021-01-29 03:16:54 INFO  SecurityManager:54 - SecurityManager: authentication disabled; ui acls disabled; users  with view permissions: Set(root); groups with view permissions: Set(); users  with modify permissions: Set(root); groups with modify permissions: Set()
2021-01-29 03:16:55 INFO  Utils:54 - Successfully started service 'sparkWorker' on port 34041.
2021-01-29 03:16:56 INFO  Worker:54 - Starting Spark worker 172.18.0.2:34041 with 2 cores, 6.3 GB RAM
2021-01-29 03:16:56 INFO  Worker:54 - Running Spark version 2.3.4
2021-01-29 03:16:56 INFO  Worker:54 - Spark home: /opt/spark-2.3.4-bin-hadoop2.7
2021-01-29 03:16:56 INFO  log:192 - Logging initialized @8641ms
2021-01-29 03:16:57 INFO  Server:351 - jetty-9.3.z-SNAPSHOT, build timestamp: unknown, git hash: unknown
2021-01-29 03:16:57 INFO  Server:419 - Started @8926ms
2021-01-29 03:16:57 WARN  Utils:66 - Service 'WorkerUI' could not bind on port 8081. Attempting port 8082.
2021-01-29 03:16:57 WARN  Utils:66 - Service 'WorkerUI' could not bind on port 8082. Attempting port 8083.
2021-01-29 03:16:57 WARN  Utils:66 - Service 'WorkerUI' could not bind on port 8083. Attempting port 8084.
2021-01-29 03:16:57 INFO  AbstractConnector:278 - Started ServerConnector@548afbce{HTTP/1.1,[http/1.1]}{0.0.0.0:8084}
2021-01-29 03:16:57 INFO  Utils:54 - Successfully started service 'WorkerUI' on port 8084.
2021-01-29 03:16:57 INFO  ContextHandler:781 - Started o.s.j.s.ServletContextHandler@2a4aafc0{/logPage,null,AVAILABLE,@Spark}
2021-01-29 03:16:57 INFO  ContextHandler:781 - Started o.s.j.s.ServletContextHandler@1493551a{/logPage/json,null,AVAILABLE,@Spark}
2021-01-29 03:16:57 INFO  ContextHandler:781 - Started o.s.j.s.ServletContextHandler@7313d96{/,null,AVAILABLE,@Spark}
2021-01-29 03:16:57 INFO  ContextHandler:781 - Started o.s.j.s.ServletContextHandler@70098927{/json,null,AVAILABLE,@Spark}
2021-01-29 03:16:57 INFO  ContextHandler:781 - Started o.s.j.s.ServletContextHandler@7e3c29b9{/static,null,AVAILABLE,@Spark}
2021-01-29 03:16:57 INFO  ContextHandler:781 - Started o.s.j.s.ServletContextHandler@31c381b5{/log,null,AVAILABLE,@Spark}
2021-01-29 03:16:57 INFO  WorkerWebUI:54 - Bound WorkerWebUI to 0.0.0.0, and started at http://f4c4b427268a:8084
2021-01-29 03:16:57 INFO  Worker:54 - Connecting to master f4c4b427268a:7077...
2021-01-29 03:16:57 INFO  ContextHandler:781 - Started o.s.j.s.ServletContextHandler@20887477{/metrics/json,null,AVAILABLE,@Spark}
2021-01-29 03:16:57 INFO  TransportClientFactory:267 - Successfully created connection to f4c4b427268a/172.18.0.2:7077 after 262 ms (0 ms spent in bootstraps)
2021-01-29 03:16:58 INFO  Worker:54 - Successfully registered with master spark://f4c4b427268a:7077
